<?xml version="1.0" encoding="UTF-8"?>
<!-- Generated by org.testng.reporters.JUnitXMLReporter -->
<testsuite hostname="Neelima-PC" name="EmployeesRestAPITest" tests="34" failures="7" timestamp="4 Sep 2019 14:16:51 GMT" time="37.977" errors="0">
  <testcase name="checkContentType" time="0.016" classname="testcases.TC003_Post_Employee_Record"/>
  <testcase name="checkResposeBody" time="0.032" classname="testcases.TC003_Post_Employee_Record"/>
  <testcase name="checkStatusCode" time="0.003" classname="testcases.TC003_Post_Employee_Record"/>
  <testcase name="checkcontentEncoding" time="0.003" classname="testcases.TC003_Post_Employee_Record">
    <failure type="java.lang.AssertionError" message="expected [gzip] but found [null]">
      <![CDATA[java.lang.AssertionError: expected [gzip] but found [null]
	at testcases.TC003_Post_Employee_Record.checkcontentEncoding(TC003_Post_Employee_Record.java:109)
... Removed 31 stack frames]]>
    </failure>
  </testcase> <!-- checkcontentEncoding -->
  <testcase name="checkserverType" time="0.003" classname="testcases.TC003_Post_Employee_Record">
    <failure type="java.lang.AssertionError" message="expected [nginx/1.14.1] but found [Apache]">
      <![CDATA[java.lang.AssertionError: expected [nginx/1.14.1] but found [Apache]
	at testcases.TC003_Post_Employee_Record.checkserverType(TC003_Post_Employee_Record.java:102)
... Removed 31 stack frames]]>
    </failure>
  </testcase> <!-- checkserverType -->
  <testcase name="checkstatusLine" time="0.002" classname="testcases.TC003_Post_Employee_Record"/>
  <testcase name="checkContentType" time="0.002" classname="testcases.TC004_Put_Employee_Record"/>
  <testcase name="checkResposeBody" time="0.004" classname="testcases.TC004_Put_Employee_Record"/>
  <testcase name="checkStatusCode" time="0.003" classname="testcases.TC004_Put_Employee_Record"/>
  <testcase name="checkcontentEncoding" time="0.003" classname="testcases.TC004_Put_Employee_Record">
    <failure type="java.lang.AssertionError" message="expected [gzip] but found [null]">
      <![CDATA[java.lang.AssertionError: expected [gzip] but found [null]
	at testcases.TC004_Put_Employee_Record.checkcontentEncoding(TC004_Put_Employee_Record.java:108)
... Removed 31 stack frames]]>
    </failure>
  </testcase> <!-- checkcontentEncoding -->
  <testcase name="checkserverType" time="0.009" classname="testcases.TC004_Put_Employee_Record">
    <failure type="java.lang.AssertionError" message="expected [nginx/1.14.1] but found [Apache]">
      <![CDATA[java.lang.AssertionError: expected [nginx/1.14.1] but found [Apache]
	at testcases.TC004_Put_Employee_Record.checkserverType(TC004_Put_Employee_Record.java:101)
... Removed 31 stack frames]]>
    </failure>
  </testcase> <!-- checkserverType -->
  <testcase name="checkstatusLine" time="0.003" classname="testcases.TC004_Put_Employee_Record"/>
  <testcase name="checkContentType" time="0.003" classname="testcases.TC005_Delete_Employee_Record"/>
  <testcase name="checkResposeBody" time="0.014" classname="testcases.TC005_Delete_Employee_Record"/>
  <testcase name="checkStatusCode" time="0.004" classname="testcases.TC005_Delete_Employee_Record"/>
  <testcase name="checkcontentEncoding" time="0.003" classname="testcases.TC005_Delete_Employee_Record">
    <failure type="java.lang.AssertionError" message="expected [gzip] but found [null]">
      <![CDATA[java.lang.AssertionError: expected [gzip] but found [null]
	at testcases.TC005_Delete_Employee_Record.checkcontentEncoding(TC005_Delete_Employee_Record.java:96)
... Removed 31 stack frames]]>
    </failure>
  </testcase> <!-- checkcontentEncoding -->
  <testcase name="checkserverType" time="0.003" classname="testcases.TC005_Delete_Employee_Record">
    <failure type="java.lang.AssertionError" message="expected [nginx/1.14.1] but found [Apache]">
      <![CDATA[java.lang.AssertionError: expected [nginx/1.14.1] but found [Apache]
	at testcases.TC005_Delete_Employee_Record.checkserverType(TC005_Delete_Employee_Record.java:89)
... Removed 31 stack frames]]>
    </failure>
  </testcase> <!-- checkserverType -->
  <testcase name="checkstatusLine" time="0.003" classname="testcases.TC005_Delete_Employee_Record"/>
  <testcase name="checkContentLenght" time="0.003" classname="testcases.TC001_Get_All_Employees"/>
  <testcase name="checkContentType" time="0.005" classname="testcases.TC001_Get_All_Employees"/>
  <testcase name="checkCookies" time="0.004" classname="testcases.TC001_Get_All_Employees"/>
  <testcase name="checkResponseTime" time="0.003" classname="testcases.TC001_Get_All_Employees"/>
  <testcase name="checkResposeBody" time="0.373" classname="testcases.TC001_Get_All_Employees"/>
  <testcase name="checkStatusCode" time="0.003" classname="testcases.TC001_Get_All_Employees"/>
  <testcase name="checkcontentEncoding" time="0.036" classname="testcases.TC001_Get_All_Employees"/>
  <testcase name="checkserverType" time="0.003" classname="testcases.TC001_Get_All_Employees"/>
  <testcase name="checkstatusLine" time="0.002" classname="testcases.TC001_Get_All_Employees"/>
  <testcase name="checkContentLenght" time="0.002" classname="testcases.TC002_Get_Single_Employee_Record"/>
  <testcase name="checkContentType" time="0.002" classname="testcases.TC002_Get_Single_Employee_Record"/>
  <testcase name="checkResponseTime" time="0.002" classname="testcases.TC002_Get_Single_Employee_Record"/>
  <testcase name="checkResposeBody" time="0.003" classname="testcases.TC002_Get_Single_Employee_Record"/>
  <testcase name="checkStatusCode" time="0.003" classname="testcases.TC002_Get_Single_Employee_Record"/>
  <testcase name="checkserverType" time="0.003" classname="testcases.TC002_Get_Single_Employee_Record">
    <failure type="java.lang.AssertionError" message="expected [nginx/1.14.1] but found [Apache]">
      <![CDATA[java.lang.AssertionError: expected [nginx/1.14.1] but found [Apache]
	at testcases.TC002_Get_Single_Employee_Record.checkserverType(TC002_Get_Single_Employee_Record.java:84)
... Removed 31 stack frames]]>
    </failure>
  </testcase> <!-- checkserverType -->
  <testcase name="checkstatusLine" time="0.002" classname="testcases.TC002_Get_Single_Employee_Record"/>
</testsuite> <!-- EmployeesRestAPITest -->
